# JRE version: Java(TM) SE Runtime Environment (8.0_112-b15) (build 1.8.0_112-b15)
# Java VM: Java HotSpot(TM) 64-Bit Server VM (25.112-b15 mixed mode windows-amd64 compressed oops)
Heap:
 PSYoungGen      total 57344K, used 7345K [0x00000007bc400000, 0x00000007c0000000, 0x00000007c0000000)
  eden space 53248K, 8% used [0x00000007bc400000,0x00000007bc8618e8,0x00000007bf800000)
  from space 4096K, 69% used [0x00000007bfc00000,0x00000007bfecab50,0x00000007c0000000)
  to   space 4096K, 0% used [0x00000007bf800000,0x00000007bf800000,0x00000007bfc00000)
 ParOldGen       total 157184K, used 60004K [0x0000000700000000, 0x0000000709980000, 0x00000007bc400000)
  object space 157184K, 38% used [0x0000000700000000,0x0000000703a990b8,0x0000000709980000)
 Metaspace       used 69132K, capacity 69807K, committed 70528K, reserved 1110016K
  class space    used 9193K, capacity 9313K, committed 9344K, reserved 1048576K
GC Heap History (10 events):
Event: 768.072 GC heap before
{Heap before GC invocations=205 (full 49):
 PSYoungGen      total 56832K, used 53833K [0x00000007bc400000, 0x00000007c0000000, 0x00000007c0000000)
  eden space 52224K, 100% used [0x00000007bc400000,0x00000007bf700000,0x00000007bf700000)
  from space 4608K, 34% used [0x00000007bf700000,0x00000007bf892438,0x00000007bfb80000)
  to   space 4096K, 0% used [0x00000007bfc00000,0x00000007bfc00000,0x00000007c0000000)
 ParOldGen       total 157184K, used 59393K [0x0000000700000000, 0x0000000709980000, 0x00000007bc400000)
  object space 157184K, 37% used [0x0000000700000000,0x0000000703a00518,0x0000000709980000)
 Metaspace       used 69084K, capacity 69731K, committed 70272K, reserved 1110016K
  class space    used 9190K, capacity 9311K, committed 9344K, reserved 1048576K
Event: 768.082 GC heap after
Heap after GC invocations=205 (full 49):
 PSYoungGen      total 57344K, used 1609K [0x00000007bc400000, 0x00000007c0000000, 0x00000007c0000000)
  eden space 53248K, 0% used [0x00000007bc400000,0x00000007bc400000,0x00000007bf800000)
  from space 4096K, 39% used [0x00000007bfc00000,0x00000007bfd92438,0x00000007c0000000)
  to   space 4096K, 0% used [0x00000007bf800000,0x00000007bf800000,0x00000007bfc00000)
 ParOldGen       total 157184K, used 59393K [0x0000000700000000, 0x0000000709980000, 0x00000007bc400000)
  object space 157184K, 37% used [0x0000000700000000,0x0000000703a00518,0x0000000709980000)
 Metaspace       used 69084K, capacity 69731K, committed 70272K, reserved 1110016K
  class space    used 9190K, capacity 9311K, committed 9344K, reserved 1048576K
}
Event: 771.624 GC heap before
{Heap before GC invocations=206 (full 49):
 PSYoungGen      total 57344K, used 54857K [0x00000007bc400000, 0x00000007c0000000, 0x00000007c0000000)
  eden space 53248K, 100% used [0x00000007bc400000,0x00000007bf800000,0x00000007bf800000)
  from space 4096K, 39% used [0x00000007bfc00000,0x00000007bfd92438,0x00000007c0000000)
  to   space 4096K, 0% used [0x00000007bf800000,0x00000007bf800000,0x00000007bfc00000)
 ParOldGen       total 157184K, used 59393K [0x0000000700000000, 0x0000000709980000, 0x00000007bc400000)
  object space 157184K, 37% used [0x0000000700000000,0x0000000703a00518,0x0000000709980000)
 Metaspace       used 69095K, capacity 69737K, committed 70272K, reserved 1110016K
  class space    used 9192K, capacity 9312K, committed 9344K, reserved 1048576K
Event: 771.633 GC heap after
Heap after GC invocations=206 (full 49):
 PSYoungGen      total 57344K, used 1625K [0x00000007bc400000, 0x00000007c0000000, 0x00000007c0000000)
  eden space 53248K, 0% used [0x00000007bc400000,0x00000007bc400000,0x00000007bf800000)
  from space 4096K, 39% used [0x00000007bf800000,0x00000007bf9967f8,0x00000007bfc00000)
  to   space 4096K, 0% used [0x00000007bfc00000,0x00000007bfc00000,0x00000007c0000000)
 ParOldGen       total 157184K, used 59531K [0x0000000700000000, 0x0000000709980000, 0x00000007bc400000)
  object space 157184K, 37% used [0x0000000700000000,0x0000000703a22ff8,0x0000000709980000)
 Metaspace       used 69095K, capacity 69737K, committed 70272K, reserved 1110016K
  class space    used 9192K, capacity 9312K, committed 9344K, reserved 1048576K
}
Event: 772.385 GC heap before
{Heap before GC invocations=207 (full 49):
 PSYoungGen      total 57344K, used 54873K [0x00000007bc400000, 0x00000007c0000000, 0x00000007c0000000)
  eden space 53248K, 100% used [0x00000007bc400000,0x00000007bf800000,0x00000007bf800000)
  from space 4096K, 39% used [0x00000007bf800000,0x00000007bf9967f8,0x00000007bfc00000)
  to   space 4096K, 0% used [0x00000007bfc00000,0x00000007bfc00000,0x00000007c0000000)
 ParOldGen       total 157184K, used 59531K [0x0000000700000000, 0x0000000709980000, 0x00000007bc400000)
  object space 157184K, 37% used [0x0000000700000000,0x0000000703a22ff8,0x0000000709980000)
 Metaspace       used 69095K, capacity 69737K, committed 70272K, reserved 1110016K
  class space    used 9192K, capacity 9312K, committed 9344K, reserved 1048576K
Event: 772.393 GC heap after
Heap after GC invocations=207 (full 49):
 PSYoungGen      total 57856K, used 1578K [0x00000007bc400000, 0x00000007c0000000, 0x00000007c0000000)
  eden space 53760K, 0% used [0x00000007bc400000,0x00000007bc400000,0x00000007bf880000)
  from space 4096K, 38% used [0x00000007bfc00000,0x00000007bfd8ab50,0x00000007c0000000)
  to   space 3584K, 0% used [0x00000007bf880000,0x00000007bf880000,0x00000007bfc00000)
 ParOldGen       total 157184K, used 59595K [0x0000000700000000, 0x0000000709980000, 0x00000007bc400000)
  object space 157184K, 37% used [0x0000000700000000,0x0000000703a32ff8,0x0000000709980000)
 Metaspace       used 69095K, capacity 69737K, committed 70272K, reserved 1110016K
  class space    used 9192K, capacity 9312K, committed 9344K, reserved 1048576K
}
Event: 791.091 GC heap before
{Heap before GC invocations=208 (full 49):
 PSYoungGen      total 57856K, used 55338K [0x00000007bc400000, 0x00000007c0000000, 0x00000007c0000000)
  eden space 53760K, 100% used [0x00000007bc400000,0x00000007bf880000,0x00000007bf880000)
  from space 4096K, 38% used [0x00000007bfc00000,0x00000007bfd8ab50,0x00000007c0000000)
  to   space 3584K, 0% used [0x00000007bf880000,0x00000007bf880000,0x00000007bfc00000)
 ParOldGen       total 157184K, used 59595K [0x0000000700000000, 0x0000000709980000, 0x00000007bc400000)
  object space 157184K, 37% used [0x0000000700000000,0x0000000703a32ff8,0x0000000709980000)
 Metaspace       used 69121K, capacity 69807K, committed 70528K, reserved 1110016K
  class space    used 9193K, capacity 9313K, committed 9344K, reserved 1048576K
Event: 791.104 GC heap after
Heap after GC invocations=208 (full 49):
 PSYoungGen      total 57344K, used 2665K [0x00000007bc400000, 0x00000007c0000000, 0x00000007c0000000)
  eden space 53760K, 0% used [0x00000007bc400000,0x00000007bc400000,0x00000007bf880000)
  from space 3584K, 74% used [0x00000007bf880000,0x00000007bfb1a438,0x00000007bfc00000)
  to   space 4096K, 0% used [0x00000007bfc00000,0x00000007bfc00000,0x00000007c0000000)
 ParOldGen       total 157184K, used 59940K [0x0000000700000000, 0x0000000709980000, 0x00000007bc400000)
  object space 157184K, 38% used [0x0000000700000000,0x0000000703a890a8,0x0000000709980000)
 Metaspace       used 69121K, capacity 69807K, committed 70528K, reserved 1110016K
  class space    used 9193K, capacity 9313K, committed 9344K, reserved 1048576K
}
Event: 794.160 GC heap before
{Heap before GC invocations=209 (full 49):
 PSYoungGen      total 57344K, used 56425K [0x00000007bc400000, 0x00000007c0000000, 0x00000007c0000000)
  eden space 53760K, 100% used [0x00000007bc400000,0x00000007bf880000,0x00000007bf880000)
  from space 3584K, 74% used [0x00000007bf880000,0x00000007bfb1a438,0x00000007bfc00000)
  to   space 4096K, 0% used [0x00000007bfc00000,0x00000007bfc00000,0x00000007c0000000)
 ParOldGen       total 157184K, used 59940K [0x0000000700000000, 0x0000000709980000, 0x00000007bc400000)
  object space 157184K, 38% used [0x0000000700000000,0x0000000703a890a8,0x0000000709980000)
 Metaspace       used 69129K, capacity 69807K, committed 70528K, reserved 1110016K
  class space    used 9193K, capacity 9313K, committed 9344K, reserved 1048576K
Event: 794.171 GC heap after
Heap after GC invocations=209 (full 49):
 PSYoungGen      total 57344K, used 2858K [0x00000007bc400000, 0x00000007c0000000, 0x00000007c0000000)
  eden space 53248K, 0% used [0x00000007bc400000,0x00000007bc400000,0x00000007bf800000)
  from space 4096K, 69% used [0x00000007bfc00000,0x00000007bfecab50,0x00000007c0000000)
  to   space 4096K, 0% used [0x00000007bf800000,0x00000007bf800000,0x00000007bfc00000)
 ParOldGen       total 157184K, used 60004K [0x0000000700000000, 0x0000000709980000, 0x00000007bc400000)
  object space 157184K, 38% used [0x0000000700000000,0x0000000703a990b8,0x0000000709980000)
 Metaspace       used 69129K, capacity 69807K, committed 70528K, reserved 1110016K
  class space    used 9193K, capacity 9313K, committed 9344K, reserved 1048576K
}

